<?xml version="1.0" encoding="utf-8" standalone="yes"?><rss version="2.0" xmlns:atom="http://www.w3.org/2005/Atom"><channel><title>Reference on The Journeyman Modeler</title><link>http://jmodeler.github.io/categories/reference/</link><description>Recent content in Reference on The Journeyman Modeler</description><generator>Hugo</generator><language>en</language><lastBuildDate>Fri, 11 Aug 2023 09:21:55 -0400</lastBuildDate><atom:link href="http://jmodeler.github.io/categories/reference/index.xml" rel="self" type="application/rss+xml"/><item><title>Making Terminal in RStudio Cooler (via ohmyzsh)</title><link>http://jmodeler.github.io/posts/making-terminal-in-rstudio-cooler-via-ohmyzsh/</link><pubDate>Fri, 11 Aug 2023 00:00:00 +0000</pubDate><guid>http://jmodeler.github.io/posts/making-terminal-in-rstudio-cooler-via-ohmyzsh/</guid><description>&lt;p&gt;I&amp;rsquo;ve been using &lt;a href="https://ohmyz.sh/" class="external-link" target="_blank" rel="noopener"&gt;ohmyzsh&lt;/a&gt; with the &lt;a href="https://github.com/romkatv/powerlevel10k" class="external-link" target="_blank" rel="noopener"&gt;powerlevel10k&lt;/a&gt; theme to enhance my terminal experience, as I find myself spending more time on it while working on a few projects. A screeshot of this &amp;ldquo;enhanced&amp;rdquo; terminal is shown below:
&lt;img src="http://jmodeler.github.io/posts/making-terminal-in-rstudio-cooler-via-ohmyzsh/terminal_ohmyzsh_p10k.png" alt="terminal_with_ohmyzsh_powerlevel10k"&gt;&lt;/p&gt;
&lt;p&gt;I was wondering if I could get the terminal within &lt;a href="https://posit.co/products/open-source/rstudio/" class="external-link" target="_blank" rel="noopener"&gt;RStudio&lt;/a&gt; to use the same theme. Turns out that can be done, by following the steps below (Note that these steps are applicable to RStudio &lt;strong&gt;version 2022.12.0+353 &amp;ldquo;Elsbeth Geranium&amp;rdquo; Release (7d165dcfc1b6d300eb247738db2c7076234f6ef0, 2022-12-03) for macOS&lt;/strong&gt;. These steps also assume that you&amp;rsquo;ve already installed ohmyzsh and the powerlevel10k theme. If not, please follow the instructions &lt;a href="https://v-char.medium.com/now-let-customize-your-native-macos-terminal-with-oh-my-zsh-and-powerlevel10k-b48b9c30d39f" class="external-link" target="_blank" rel="noopener"&gt;here&lt;/a&gt; first):&lt;/p&gt;</description></item><item><title>Resolving Errors When Loading the lldb Debugger</title><link>http://jmodeler.github.io/posts/resolving-errors-when-loading-the-lldb-debugger/</link><pubDate>Wed, 12 Apr 2023 00:00:00 +0000</pubDate><guid>http://jmodeler.github.io/posts/resolving-errors-when-loading-the-lldb-debugger/</guid><description>&lt;p&gt;From time to time, I work with &lt;code&gt;C&lt;/code&gt; code, and I use the &lt;code&gt;lldb&lt;/code&gt; debugger to step through the code. Recently, after a Mac OS update, I started seeing this error when attempting to start the lldb debugger in terminal:&lt;/p&gt;
&lt;div class="highlight"&gt;&lt;pre tabindex="0" class="chroma"&gt;&lt;code class="language-zsh" data-lang="zsh"&gt;&lt;span class="line"&gt;&lt;span class="cl"&gt;$ lldb
&lt;/span&gt;&lt;/span&gt;&lt;span class="line"&gt;&lt;span class="cl"&gt;Traceback &lt;span class="o"&gt;(&lt;/span&gt;most recent call last&lt;span class="o"&gt;)&lt;/span&gt;:
&lt;/span&gt;&lt;/span&gt;&lt;span class="line"&gt;&lt;span class="cl"&gt; File &lt;span class="s2"&gt;&amp;#34;&amp;lt;string&amp;gt;&amp;#34;&lt;/span&gt;, line 1, in &amp;lt;module&amp;gt;
&lt;/span&gt;&lt;/span&gt;&lt;span class="line"&gt;&lt;span class="cl"&gt; File &lt;span class="s2"&gt;&amp;#34;/usr/local/Cellar/llvm/15.0.7_1/libexec/python3.11/site-packages/lldb/__init__.py&amp;#34;&lt;/span&gt;, line 96, in &amp;lt;module&amp;gt;
&lt;/span&gt;&lt;/span&gt;&lt;span class="line"&gt;&lt;span class="cl"&gt; import six
&lt;/span&gt;&lt;/span&gt;&lt;span class="line"&gt;&lt;span class="cl"&gt;ModuleNotFoundError: No module named &lt;span class="s1"&gt;&amp;#39;six&amp;#39;&lt;/span&gt;
&lt;/span&gt;&lt;/span&gt;&lt;/code&gt;&lt;/pre&gt;&lt;/div&gt;&lt;p&gt;The error message says that a module (&lt;code&gt;six&lt;/code&gt;) is missing. The other issue, is that this module is missing on a version of python that is &lt;em&gt;not&lt;/em&gt; the global version set by &lt;code&gt;pyenv&lt;/code&gt;. I check the versions of pyenv on my system:&lt;/p&gt;</description></item><item><title>Resolving Install Errors for the lightweight_mmm Python Package</title><link>http://jmodeler.github.io/posts/resolving-install-errors-for-the-lightweight-mmm-python-package/</link><pubDate>Sat, 25 Mar 2023 00:00:00 +0000</pubDate><guid>http://jmodeler.github.io/posts/resolving-install-errors-for-the-lightweight-mmm-python-package/</guid><description>&lt;p&gt;To experiment with different specifications of a marketing mix model, I tried installing the &lt;a href="https://github.com/google/lightweight_mmm" class="external-link" target="_blank" rel="noopener"&gt;lightweight_mmm&lt;/a&gt; Python package from Google. When using the standard &lt;code&gt;pip3 install lightweight_mmm&lt;/code&gt; command in terminal, I was hitting this error:&lt;/p&gt;
&lt;div class="highlight"&gt;&lt;pre tabindex="0" class="chroma"&gt;&lt;code class="language-zsh" data-lang="zsh"&gt;&lt;span class="line"&gt;&lt;span class="cl"&gt; × Getting requirements to build wheel did not run successfully.
&lt;/span&gt;&lt;/span&gt;&lt;span class="line"&gt;&lt;span class="cl"&gt; │ &lt;span class="nb"&gt;exit&lt;/span&gt; code: &lt;span class="m"&gt;1&lt;/span&gt;
&lt;/span&gt;&lt;/span&gt;&lt;span class="line"&gt;&lt;span class="cl"&gt; ╰─&amp;gt; &lt;span class="o"&gt;[&lt;/span&gt;&lt;span class="m"&gt;66&lt;/span&gt; lines of output&lt;span class="o"&gt;]&lt;/span&gt;
&lt;/span&gt;&lt;/span&gt;&lt;span class="line"&gt;&lt;span class="cl"&gt; The Meson build system
&lt;/span&gt;&lt;/span&gt;&lt;span class="line"&gt;&lt;span class="cl"&gt; Version: 0.62.2
&lt;/span&gt;&lt;/span&gt;&lt;span class="line"&gt;&lt;span class="cl"&gt; Source dir: /private/var/folders/ly/3d_s7td56qb7rn4qc2c6tmvm0000gn/T/pip-install-yc6ribm7/scipy_ae66ccfb8522422ab91e65b44570f273
&lt;/span&gt;&lt;/span&gt;&lt;span class="line"&gt;&lt;span class="cl"&gt; Build dir: /private/var/folders/ly/3d_s7td56qb7rn4qc2c6tmvm0000gn/T/pip-install-yc6ribm7/scipy_ae66ccfb8522422ab91e65b44570f273/.mesonpy-ur2kyhcf/build
&lt;/span&gt;&lt;/span&gt;&lt;span class="line"&gt;&lt;span class="cl"&gt; Build type: native build
&lt;/span&gt;&lt;/span&gt;&lt;span class="line"&gt;&lt;span class="cl"&gt; Project name: SciPy
&lt;/span&gt;&lt;/span&gt;&lt;span class="line"&gt;&lt;span class="cl"&gt; Project version: 1.9.1
&lt;/span&gt;&lt;/span&gt;&lt;span class="line"&gt;&lt;span class="cl"&gt; C compiler &lt;span class="k"&gt;for&lt;/span&gt; the host machine: cc &lt;span class="o"&gt;(&lt;/span&gt;clang 14.0.0 &lt;span class="s2"&gt;&amp;#34;Apple clang version 14.0.0 (clang-1400.0.29.202)&amp;#34;&lt;/span&gt;&lt;span class="o"&gt;)&lt;/span&gt;
&lt;/span&gt;&lt;/span&gt;&lt;span class="line"&gt;&lt;span class="cl"&gt; C linker &lt;span class="k"&gt;for&lt;/span&gt; the host machine: cc ld64 820.1
&lt;/span&gt;&lt;/span&gt;&lt;span class="line"&gt;&lt;span class="cl"&gt; C++ compiler &lt;span class="k"&gt;for&lt;/span&gt; the host machine: c++ &lt;span class="o"&gt;(&lt;/span&gt;clang 14.0.0 &lt;span class="s2"&gt;&amp;#34;Apple clang version 14.0.0 (clang-1400.0.29.202)&amp;#34;&lt;/span&gt;&lt;span class="o"&gt;)&lt;/span&gt;
&lt;/span&gt;&lt;/span&gt;&lt;span class="line"&gt;&lt;span class="cl"&gt; C++ linker &lt;span class="k"&gt;for&lt;/span&gt; the host machine: c++ ld64 820.1
&lt;/span&gt;&lt;/span&gt;&lt;span class="line"&gt;&lt;span class="cl"&gt; Host machine cpu family: x86_64
&lt;/span&gt;&lt;/span&gt;&lt;span class="line"&gt;&lt;span class="cl"&gt; Host machine cpu: x86_64
&lt;/span&gt;&lt;/span&gt;&lt;span class="line"&gt;&lt;span class="cl"&gt; Compiler &lt;span class="k"&gt;for&lt;/span&gt; C supports arguments -Wno-unused-but-set-variable: YES
&lt;/span&gt;&lt;/span&gt;&lt;span class="line"&gt;&lt;span class="cl"&gt; Library m found: YES
&lt;/span&gt;&lt;/span&gt;&lt;span class="line"&gt;&lt;span class="cl"&gt; Fortran compiler &lt;span class="k"&gt;for&lt;/span&gt; the host machine: gfortran &lt;span class="o"&gt;(&lt;/span&gt;gcc 8.2.0 &lt;span class="s2"&gt;&amp;#34;GNU Fortran (GCC) 8.2.0&amp;#34;&lt;/span&gt;&lt;span class="o"&gt;)&lt;/span&gt;
&lt;/span&gt;&lt;/span&gt;&lt;span class="line"&gt;&lt;span class="cl"&gt; Fortran linker &lt;span class="k"&gt;for&lt;/span&gt; the host machine: gfortran ld64 820.1
&lt;/span&gt;&lt;/span&gt;&lt;span class="line"&gt;&lt;span class="cl"&gt; Program cython found: YES &lt;span class="o"&gt;(&lt;/span&gt;/private/var/folders/ly/3d_s7td56qb7rn4qc2c6tmvm0000gn/T/pip-build-env-gddbg9u0/overlay/bin/cython&lt;span class="o"&gt;)&lt;/span&gt;
&lt;/span&gt;&lt;/span&gt;&lt;span class="line"&gt;&lt;span class="cl"&gt; Program pythran found: YES &lt;span class="o"&gt;(&lt;/span&gt;/private/var/folders/ly/3d_s7td56qb7rn4qc2c6tmvm0000gn/T/pip-build-env-gddbg9u0/overlay/bin/pythran&lt;span class="o"&gt;)&lt;/span&gt;
&lt;/span&gt;&lt;/span&gt;&lt;span class="line"&gt;&lt;span class="cl"&gt; Program cp found: YES &lt;span class="o"&gt;(&lt;/span&gt;/bin/cp&lt;span class="o"&gt;)&lt;/span&gt;
&lt;/span&gt;&lt;/span&gt;&lt;span class="line"&gt;&lt;span class="cl"&gt; Program python found: YES &lt;span class="o"&gt;(&lt;/span&gt;/Users/&amp;lt;username&amp;gt;/.pyenv/versions/3.11.2/bin/python3.11&lt;span class="o"&gt;)&lt;/span&gt;
&lt;/span&gt;&lt;/span&gt;&lt;span class="line"&gt;&lt;span class="cl"&gt; Found pkg-config: /usr/local/bin/pkg-config &lt;span class="o"&gt;(&lt;/span&gt;0.29.2&lt;span class="o"&gt;)&lt;/span&gt;
&lt;/span&gt;&lt;/span&gt;&lt;span class="line"&gt;&lt;span class="cl"&gt; Library npymath found: YES
&lt;/span&gt;&lt;/span&gt;&lt;span class="line"&gt;&lt;span class="cl"&gt; Library npyrandom found: YES
&lt;/span&gt;&lt;/span&gt;&lt;span class="line"&gt;&lt;span class="cl"&gt; Found CMake: /usr/local/bin/cmake &lt;span class="o"&gt;(&lt;/span&gt;3.26.0&lt;span class="o"&gt;)&lt;/span&gt;
&lt;/span&gt;&lt;/span&gt;&lt;span class="line"&gt;&lt;span class="cl"&gt; Run-time dependency openblas found: NO &lt;span class="o"&gt;(&lt;/span&gt;tried pkgconfig, framework and cmake&lt;span class="o"&gt;)&lt;/span&gt;
&lt;/span&gt;&lt;/span&gt;&lt;span class="line"&gt;&lt;span class="cl"&gt; Run-time dependency openblas found: NO &lt;span class="o"&gt;(&lt;/span&gt;tried pkgconfig, framework and cmake&lt;span class="o"&gt;)&lt;/span&gt;
&lt;/span&gt;&lt;/span&gt;&lt;span class="line"&gt;&lt;span class="cl"&gt;
&lt;/span&gt;&lt;/span&gt;&lt;span class="line"&gt;&lt;span class="cl"&gt; ../../scipy/meson.build:130:0: ERROR: Dependency &lt;span class="s2"&gt;&amp;#34;OpenBLAS&amp;#34;&lt;/span&gt; not found, tried pkgconfig, framework and cmake
&lt;/span&gt;&lt;/span&gt;&lt;/code&gt;&lt;/pre&gt;&lt;/div&gt;&lt;p&gt;I tried to install &lt;code&gt;openblas&lt;/code&gt; using homebrew, but it was already installed:&lt;/p&gt;</description></item><item><title>Resolving Errors when Creating Your First MineRL Agent</title><link>http://jmodeler.github.io/posts/resolving-errors-when-creating-your-first-minerl-agent/</link><pubDate>Thu, 23 Mar 2023 00:00:00 +0000</pubDate><guid>http://jmodeler.github.io/posts/resolving-errors-when-creating-your-first-minerl-agent/</guid><description>&lt;p&gt;In this post, I lay out the steps to follow to resolve the errors you see when creating your &lt;a href="https://minerl.readthedocs.io/en/latest/tutorials/first_agent.html" class="external-link" target="_blank" rel="noopener"&gt;first MineRL agent&lt;/a&gt; on a macOS. This is a continuation of &lt;a href="https://jmodeler.github.io/posts/resolving-install-errors-with-minerl/" class="external-link" target="_blank" rel="noopener"&gt;this post&lt;/a&gt;, which looks at resolving install errors on the &lt;code&gt;minerl&lt;/code&gt; package.&lt;/p&gt;
&lt;p&gt;I borrow heavily from &lt;a href="https://github.com/minerllabs/minerl/issues/659#issuecomment-1306635414" class="external-link" target="_blank" rel="noopener"&gt;this github issue comment&lt;/a&gt;.&lt;/p&gt;
&lt;ol&gt;
&lt;li&gt;
&lt;p&gt;Clone the repository using the terminal command below&lt;/p&gt;
&lt;div class="highlight"&gt;&lt;pre tabindex="0" class="chroma"&gt;&lt;code class="language-zsh" data-lang="zsh"&gt;&lt;span class="line"&gt;&lt;span class="cl"&gt; git clone https://github.com/minerllabs/minerl.git
&lt;/span&gt;&lt;/span&gt;&lt;/code&gt;&lt;/pre&gt;&lt;/div&gt;&lt;p&gt;This will create a &lt;code&gt;minerl&lt;/code&gt; directory. Make sure that the path to the cloned repository does not have spaces in it (i.e. the path should &lt;strong&gt;not&lt;/strong&gt; be &lt;code&gt;/Users/&amp;lt;username&amp;gt;/minerl folder/minerl&lt;/code&gt; &amp;ndash; you will get &lt;code&gt;file not found&lt;/code&gt; errors in the next few steps otherwise)&lt;/p&gt;</description></item><item><title>Resolving Install Errors with MineRL</title><link>http://jmodeler.github.io/posts/resolving-install-errors-with-minerl/</link><pubDate>Wed, 22 Mar 2023 00:00:00 +0000</pubDate><guid>http://jmodeler.github.io/posts/resolving-install-errors-with-minerl/</guid><description>&lt;p&gt;In this post, I&amp;rsquo;ll resolve an error that one might face when trying to install the &lt;code&gt;minerl&lt;/code&gt; Python package. The instructions to install this package can be &lt;a href="https://minerl.readthedocs.io/en/latest/tutorials/index.html" class="external-link" target="_blank" rel="noopener"&gt;found here&lt;/a&gt;.&lt;/p&gt;
&lt;ol&gt;
&lt;li&gt;Using the instructions above, when I used the install command (&lt;code&gt;pip3 install git+https://github.com/minerllabs/minerl&lt;/code&gt;), I got the following error (only the relevant part is shown here):&lt;/li&gt;
&lt;/ol&gt;
&lt;div class="highlight"&gt;&lt;pre tabindex="0" class="chroma"&gt;&lt;code class="language-zsh" data-lang="zsh"&gt;&lt;span class="line"&gt;&lt;span class="cl"&gt; Note: Some input files use or override a deprecated API.
&lt;/span&gt;&lt;/span&gt;&lt;span class="line"&gt;&lt;span class="cl"&gt; Note: Recompile with -Xlint:deprecation &lt;span class="k"&gt;for&lt;/span&gt; details.
&lt;/span&gt;&lt;/span&gt;&lt;span class="line"&gt;&lt;span class="cl"&gt; Note: Some input files use unchecked or unsafe operations.
&lt;/span&gt;&lt;/span&gt;&lt;span class="line"&gt;&lt;span class="cl"&gt; Note: Recompile with -Xlint:unchecked &lt;span class="k"&gt;for&lt;/span&gt; details.
&lt;/span&gt;&lt;/span&gt;&lt;span class="line"&gt;&lt;span class="cl"&gt; &lt;span class="m"&gt;100&lt;/span&gt; errors
&lt;/span&gt;&lt;/span&gt;&lt;span class="line"&gt;&lt;span class="cl"&gt; only showing the first &lt;span class="m"&gt;100&lt;/span&gt; errors, of &lt;span class="m"&gt;2866&lt;/span&gt; total&lt;span class="p"&gt;;&lt;/span&gt; use -Xmaxerrs &lt;span class="k"&gt;if&lt;/span&gt; you would like to see more
&lt;/span&gt;&lt;/span&gt;&lt;span class="line"&gt;&lt;span class="cl"&gt;
&lt;/span&gt;&lt;/span&gt;&lt;span class="line"&gt;&lt;span class="cl"&gt; &amp;gt; Task :compileJava FAILED
&lt;/span&gt;&lt;/span&gt;&lt;span class="line"&gt;&lt;span class="cl"&gt;
&lt;/span&gt;&lt;/span&gt;&lt;span class="line"&gt;&lt;span class="cl"&gt; FAILURE: Build failed with an exception.
&lt;/span&gt;&lt;/span&gt;&lt;span class="line"&gt;&lt;span class="cl"&gt;
&lt;/span&gt;&lt;/span&gt;&lt;span class="line"&gt;&lt;span class="cl"&gt; * What went wrong:
&lt;/span&gt;&lt;/span&gt;&lt;span class="line"&gt;&lt;span class="cl"&gt; Execution failed &lt;span class="k"&gt;for&lt;/span&gt; task &lt;span class="s1"&gt;&amp;#39;:compileJava&amp;#39;&lt;/span&gt;.
&lt;/span&gt;&lt;/span&gt;&lt;span class="line"&gt;&lt;span class="cl"&gt; &amp;gt; Compilation failed&lt;span class="p"&gt;;&lt;/span&gt; see the compiler error output &lt;span class="k"&gt;for&lt;/span&gt; details.
&lt;/span&gt;&lt;/span&gt;&lt;span class="line"&gt;&lt;span class="cl"&gt;
&lt;/span&gt;&lt;/span&gt;&lt;span class="line"&gt;&lt;span class="cl"&gt; * Try:
&lt;/span&gt;&lt;/span&gt;&lt;span class="line"&gt;&lt;span class="cl"&gt; Run with --stacktrace option to get the stack trace. Run with --info or --debug option to get more log output. Run with --scan to get full insights.
&lt;/span&gt;&lt;/span&gt;&lt;span class="line"&gt;&lt;span class="cl"&gt;
&lt;/span&gt;&lt;/span&gt;&lt;span class="line"&gt;&lt;span class="cl"&gt; * Get more &lt;span class="nb"&gt;help&lt;/span&gt; at https://help.gradle.org
&lt;/span&gt;&lt;/span&gt;&lt;span class="line"&gt;&lt;span class="cl"&gt;
&lt;/span&gt;&lt;/span&gt;&lt;span class="line"&gt;&lt;span class="cl"&gt; Deprecated Gradle features were used in this build, making it incompatible with Gradle 7.0.
&lt;/span&gt;&lt;/span&gt;&lt;span class="line"&gt;&lt;span class="cl"&gt; Use &lt;span class="s1"&gt;&amp;#39;--warning-mode all&amp;#39;&lt;/span&gt; to show the individual deprecation warnings.
&lt;/span&gt;&lt;/span&gt;&lt;span class="line"&gt;&lt;span class="cl"&gt; See https://docs.gradle.org/6.8.1/userguide/command_line_interface.html#sec:command_line_warnings
&lt;/span&gt;&lt;/span&gt;&lt;span class="line"&gt;&lt;span class="cl"&gt;
&lt;/span&gt;&lt;/span&gt;&lt;span class="line"&gt;&lt;span class="cl"&gt; BUILD FAILED in 21s
&lt;/span&gt;&lt;/span&gt;&lt;span class="line"&gt;&lt;span class="cl"&gt; &lt;span class="m"&gt;10&lt;/span&gt; actionable tasks: &lt;span class="m"&gt;10&lt;/span&gt; executed
&lt;/span&gt;&lt;/span&gt;&lt;span class="line"&gt;&lt;span class="cl"&gt; Traceback &lt;span class="o"&gt;(&lt;/span&gt;most recent call last&lt;span class="o"&gt;)&lt;/span&gt;:
&lt;/span&gt;&lt;/span&gt;&lt;span class="line"&gt;&lt;span class="cl"&gt; File &lt;span class="s2"&gt;&amp;#34;&amp;lt;string&amp;gt;&amp;#34;&lt;/span&gt;, line 2, in &amp;lt;module&amp;gt;
&lt;/span&gt;&lt;/span&gt;&lt;span class="line"&gt;&lt;span class="cl"&gt; File &lt;span class="s2"&gt;&amp;#34;&amp;lt;pip-setuptools-caller&amp;gt;&amp;#34;&lt;/span&gt;, line 34, in &amp;lt;module&amp;gt;
&lt;/span&gt;&lt;/span&gt;&lt;span class="line"&gt;&lt;span class="cl"&gt; File &lt;span class="s2"&gt;&amp;#34;/private/var/folders/ly/3d_s7td56qb7rn4qc2c6tmvm0000gn/T/pip-req-build-9xj7s1on/setup.py&amp;#34;&lt;/span&gt;, line 214, in &amp;lt;module&amp;gt;
&lt;/span&gt;&lt;/span&gt;&lt;span class="line"&gt;&lt;span class="cl"&gt; prep_mcp&lt;span class="o"&gt;()&lt;/span&gt;
&lt;/span&gt;&lt;/span&gt;&lt;span class="line"&gt;&lt;span class="cl"&gt; File &lt;span class="s2"&gt;&amp;#34;/private/var/folders/ly/3d_s7td56qb7rn4qc2c6tmvm0000gn/T/pip-req-build-9xj7s1on/setup.py&amp;#34;&lt;/span&gt;, line 198, in prep_mcp
&lt;/span&gt;&lt;/span&gt;&lt;span class="line"&gt;&lt;span class="cl"&gt; subprocess.check_call&lt;span class="o"&gt;(&lt;/span&gt;&lt;span class="s1"&gt;&amp;#39;{} clean build shadowJar&amp;#39;&lt;/span&gt;.format&lt;span class="o"&gt;(&lt;/span&gt;gradlew&lt;span class="o"&gt;)&lt;/span&gt;.split&lt;span class="o"&gt;(&lt;/span&gt;&lt;span class="s1"&gt;&amp;#39; &amp;#39;&lt;/span&gt;&lt;span class="o"&gt;)&lt;/span&gt;, &lt;span class="nv"&gt;cwd&lt;/span&gt;&lt;span class="o"&gt;=&lt;/span&gt;workdir&lt;span class="o"&gt;)&lt;/span&gt;
&lt;/span&gt;&lt;/span&gt;&lt;span class="line"&gt;&lt;span class="cl"&gt; File &lt;span class="s2"&gt;&amp;#34;/Users/&amp;lt;username&amp;gt;/.pyenv/versions/3.11.2/lib/python3.11/subprocess.py&amp;#34;&lt;/span&gt;, line 413, in check_call
&lt;/span&gt;&lt;/span&gt;&lt;span class="line"&gt;&lt;span class="cl"&gt; raise CalledProcessError&lt;span class="o"&gt;(&lt;/span&gt;retcode, cmd&lt;span class="o"&gt;)&lt;/span&gt;
&lt;/span&gt;&lt;/span&gt;&lt;span class="line"&gt;&lt;span class="cl"&gt; subprocess.CalledProcessError: Command &lt;span class="s1"&gt;&amp;#39;[&amp;#39;&lt;/span&gt;./gradlew&lt;span class="s1"&gt;&amp;#39;, &amp;#39;&lt;/span&gt;clean&lt;span class="s1"&gt;&amp;#39;, &amp;#39;&lt;/span&gt;build&lt;span class="s1"&gt;&amp;#39;, &amp;#39;&lt;/span&gt;shadowJar&lt;span class="s1"&gt;&amp;#39;]&amp;#39;&lt;/span&gt; returned non-zero &lt;span class="nb"&gt;exit&lt;/span&gt; status 1.
&lt;/span&gt;&lt;/span&gt;&lt;span class="line"&gt;&lt;span class="cl"&gt; &lt;span class="o"&gt;[&lt;/span&gt;end of output&lt;span class="o"&gt;]&lt;/span&gt;
&lt;/span&gt;&lt;/span&gt;&lt;span class="line"&gt;&lt;span class="cl"&gt;
&lt;/span&gt;&lt;/span&gt;&lt;span class="line"&gt;&lt;span class="cl"&gt; note: This error originates from a subprocess, and is likely not a problem with pip.
&lt;/span&gt;&lt;/span&gt;&lt;span class="line"&gt;&lt;span class="cl"&gt;error: metadata-generation-failed
&lt;/span&gt;&lt;/span&gt;&lt;/code&gt;&lt;/pre&gt;&lt;/div&gt;&lt;ol start="2"&gt;
&lt;li&gt;
&lt;p&gt;Searching for the error message (&lt;code&gt;error: metadata-generation-failed&lt;/code&gt;) took me to a bunch of websites that provided other options to try:&lt;/p&gt;</description></item><item><title>Setting up Python to Run on Rmarkdown</title><link>http://jmodeler.github.io/posts/setting-up-python-to-run-on-rmarkdown/</link><pubDate>Tue, 21 Mar 2023 00:00:00 +0000</pubDate><guid>http://jmodeler.github.io/posts/setting-up-python-to-run-on-rmarkdown/</guid><description>&lt;p&gt;I use the &lt;a href="https://themes.gohugo.io/themes/hugo-coder/" class="external-link" target="_blank" rel="noopener"&gt;Hugo Coder template&lt;/a&gt; along with Rstudio’s &lt;a href="https://github.com/rstudio/blogdown" class="external-link" target="_blank" rel="noopener"&gt;Blogdown&lt;/a&gt; package to generate and deploy this website to &lt;a href="https://pages.github.com/" class="external-link" target="_blank" rel="noopener"&gt;github pages&lt;/a&gt;. I use this setup to generate blog posts (via &lt;a href="https://rmarkdown.rstudio.com/" class="external-link" target="_blank" rel="noopener"&gt;Rmarkdown&lt;/a&gt;) that render &lt;code&gt;\(\LaTeX\)&lt;/code&gt; math and output from R code.&lt;/p&gt;
&lt;p&gt;Sometimes, I’d like to run Python code inside Rmarkdown too, and this is &lt;a href="https://bookdown.org/yihui/rmarkdown-cookbook/eng-python.html" class="external-link" target="_blank" rel="noopener"&gt;supported&lt;/a&gt;, via the &lt;a href="https://cran.r-project.org/web/packages/reticulate/index.html" class="external-link" target="_blank" rel="noopener"&gt;reticulate&lt;/a&gt; package. That said, the following steps need to be followed to make sure everything runs smoothly (all of these steps worked on a macOS Ventura operating system)&lt;/p&gt;</description></item></channel></rss>