<?xml version="1.0" encoding="utf-8" standalone="yes"?><rss version="2.0" xmlns:atom="http://www.w3.org/2005/Atom"><channel><title>Reference on The Journeyman Modeler</title><link>http://jmodeler.github.io/categories/reference/</link><description>Recent content in Reference on The Journeyman Modeler</description><generator>Hugo</generator><language>en</language><lastBuildDate>Fri, 11 Aug 2023 09:21:55 -0400</lastBuildDate><atom:link href="http://jmodeler.github.io/categories/reference/index.xml" rel="self" type="application/rss+xml"/><item><title>Making Terminal in RStudio Cooler (via ohmyzsh)</title><link>http://jmodeler.github.io/posts/making-terminal-in-rstudio-cooler-via-ohmyzsh/</link><pubDate>Fri, 11 Aug 2023 00:00:00 +0000</pubDate><guid>http://jmodeler.github.io/posts/making-terminal-in-rstudio-cooler-via-ohmyzsh/</guid><description>&lt;p>I&amp;rsquo;ve been using &lt;a href="https://ohmyz.sh/" class="external-link" target="_blank" rel="noopener">ohmyzsh&lt;/a> with the &lt;a href="https://github.com/romkatv/powerlevel10k" class="external-link" target="_blank" rel="noopener">powerlevel10k&lt;/a> theme to enhance my terminal experience, as I find myself spending more time on it while working on a few projects. A screeshot of this &amp;ldquo;enhanced&amp;rdquo; terminal is shown below:
&lt;img src="http://jmodeler.github.io/posts/making-terminal-in-rstudio-cooler-via-ohmyzsh/terminal_ohmyzsh_p10k.png" alt="terminal_with_ohmyzsh_powerlevel10k">&lt;/p>
&lt;p>I was wondering if I could get the terminal within &lt;a href="https://posit.co/products/open-source/rstudio/" class="external-link" target="_blank" rel="noopener">RStudio&lt;/a> to use the same theme. Turns out that can be done, by following the steps below (Note that these steps are applicable to RStudio &lt;strong>version 2022.12.0+353 &amp;ldquo;Elsbeth Geranium&amp;rdquo; Release (7d165dcfc1b6d300eb247738db2c7076234f6ef0, 2022-12-03) for macOS&lt;/strong>. These steps also assume that you&amp;rsquo;ve already installed ohmyzsh and the powerlevel10k theme. If not, please follow the instructions &lt;a href="https://v-char.medium.com/now-let-customize-your-native-macos-terminal-with-oh-my-zsh-and-powerlevel10k-b48b9c30d39f" class="external-link" target="_blank" rel="noopener">here&lt;/a> first):&lt;/p></description></item><item><title>Resolving Errors When Loading the lldb Debugger</title><link>http://jmodeler.github.io/posts/resolving-errors-when-loading-the-lldb-debugger/</link><pubDate>Wed, 12 Apr 2023 00:00:00 +0000</pubDate><guid>http://jmodeler.github.io/posts/resolving-errors-when-loading-the-lldb-debugger/</guid><description>&lt;p>From time to time, I work with &lt;code>C&lt;/code> code, and I use the &lt;code>lldb&lt;/code> debugger to step through the code. Recently, after a Mac OS update, I started seeing this error when attempting to start the lldb debugger in terminal:&lt;/p>
&lt;div class="highlight">&lt;pre tabindex="0" class="chroma">&lt;code class="language-zsh" data-lang="zsh">&lt;span class="line">&lt;span class="cl">$ lldb
&lt;/span>&lt;/span>&lt;span class="line">&lt;span class="cl">Traceback &lt;span class="o">(&lt;/span>most recent call last&lt;span class="o">)&lt;/span>:
&lt;/span>&lt;/span>&lt;span class="line">&lt;span class="cl"> File &lt;span class="s2">&amp;#34;&amp;lt;string&amp;gt;&amp;#34;&lt;/span>, line 1, in &amp;lt;module&amp;gt;
&lt;/span>&lt;/span>&lt;span class="line">&lt;span class="cl"> File &lt;span class="s2">&amp;#34;/usr/local/Cellar/llvm/15.0.7_1/libexec/python3.11/site-packages/lldb/__init__.py&amp;#34;&lt;/span>, line 96, in &amp;lt;module&amp;gt;
&lt;/span>&lt;/span>&lt;span class="line">&lt;span class="cl"> import six
&lt;/span>&lt;/span>&lt;span class="line">&lt;span class="cl">ModuleNotFoundError: No module named &lt;span class="s1">&amp;#39;six&amp;#39;&lt;/span>
&lt;/span>&lt;/span>&lt;/code>&lt;/pre>&lt;/div>&lt;p>The error message says that a module (&lt;code>six&lt;/code>) is missing. The other issue, is that this module is missing on a version of python that is &lt;em>not&lt;/em> the global version set by &lt;code>pyenv&lt;/code>. I check the versions of pyenv on my system:&lt;/p></description></item><item><title>Resolving Install Errors for the lightweight_mmm Python Package</title><link>http://jmodeler.github.io/posts/resolving-install-errors-for-the-lightweight-mmm-python-package/</link><pubDate>Sat, 25 Mar 2023 00:00:00 +0000</pubDate><guid>http://jmodeler.github.io/posts/resolving-install-errors-for-the-lightweight-mmm-python-package/</guid><description>&lt;p>To experiment with different specifications of a marketing mix model, I tried installing the &lt;a href="https://github.com/google/lightweight_mmm" class="external-link" target="_blank" rel="noopener">lightweight_mmm&lt;/a> Python package from Google. When using the standard &lt;code>pip3 install lightweight_mmm&lt;/code> command in terminal, I was hitting this error:&lt;/p>
&lt;div class="highlight">&lt;pre tabindex="0" class="chroma">&lt;code class="language-zsh" data-lang="zsh">&lt;span class="line">&lt;span class="cl"> × Getting requirements to build wheel did not run successfully.
&lt;/span>&lt;/span>&lt;span class="line">&lt;span class="cl"> │ &lt;span class="nb">exit&lt;/span> code: &lt;span class="m">1&lt;/span>
&lt;/span>&lt;/span>&lt;span class="line">&lt;span class="cl"> ╰─&amp;gt; &lt;span class="o">[&lt;/span>&lt;span class="m">66&lt;/span> lines of output&lt;span class="o">]&lt;/span>
&lt;/span>&lt;/span>&lt;span class="line">&lt;span class="cl"> The Meson build system
&lt;/span>&lt;/span>&lt;span class="line">&lt;span class="cl"> Version: 0.62.2
&lt;/span>&lt;/span>&lt;span class="line">&lt;span class="cl"> Source dir: /private/var/folders/ly/3d_s7td56qb7rn4qc2c6tmvm0000gn/T/pip-install-yc6ribm7/scipy_ae66ccfb8522422ab91e65b44570f273
&lt;/span>&lt;/span>&lt;span class="line">&lt;span class="cl"> Build dir: /private/var/folders/ly/3d_s7td56qb7rn4qc2c6tmvm0000gn/T/pip-install-yc6ribm7/scipy_ae66ccfb8522422ab91e65b44570f273/.mesonpy-ur2kyhcf/build
&lt;/span>&lt;/span>&lt;span class="line">&lt;span class="cl"> Build type: native build
&lt;/span>&lt;/span>&lt;span class="line">&lt;span class="cl"> Project name: SciPy
&lt;/span>&lt;/span>&lt;span class="line">&lt;span class="cl"> Project version: 1.9.1
&lt;/span>&lt;/span>&lt;span class="line">&lt;span class="cl"> C compiler &lt;span class="k">for&lt;/span> the host machine: cc &lt;span class="o">(&lt;/span>clang 14.0.0 &lt;span class="s2">&amp;#34;Apple clang version 14.0.0 (clang-1400.0.29.202)&amp;#34;&lt;/span>&lt;span class="o">)&lt;/span>
&lt;/span>&lt;/span>&lt;span class="line">&lt;span class="cl"> C linker &lt;span class="k">for&lt;/span> the host machine: cc ld64 820.1
&lt;/span>&lt;/span>&lt;span class="line">&lt;span class="cl"> C++ compiler &lt;span class="k">for&lt;/span> the host machine: c++ &lt;span class="o">(&lt;/span>clang 14.0.0 &lt;span class="s2">&amp;#34;Apple clang version 14.0.0 (clang-1400.0.29.202)&amp;#34;&lt;/span>&lt;span class="o">)&lt;/span>
&lt;/span>&lt;/span>&lt;span class="line">&lt;span class="cl"> C++ linker &lt;span class="k">for&lt;/span> the host machine: c++ ld64 820.1
&lt;/span>&lt;/span>&lt;span class="line">&lt;span class="cl"> Host machine cpu family: x86_64
&lt;/span>&lt;/span>&lt;span class="line">&lt;span class="cl"> Host machine cpu: x86_64
&lt;/span>&lt;/span>&lt;span class="line">&lt;span class="cl"> Compiler &lt;span class="k">for&lt;/span> C supports arguments -Wno-unused-but-set-variable: YES
&lt;/span>&lt;/span>&lt;span class="line">&lt;span class="cl"> Library m found: YES
&lt;/span>&lt;/span>&lt;span class="line">&lt;span class="cl"> Fortran compiler &lt;span class="k">for&lt;/span> the host machine: gfortran &lt;span class="o">(&lt;/span>gcc 8.2.0 &lt;span class="s2">&amp;#34;GNU Fortran (GCC) 8.2.0&amp;#34;&lt;/span>&lt;span class="o">)&lt;/span>
&lt;/span>&lt;/span>&lt;span class="line">&lt;span class="cl"> Fortran linker &lt;span class="k">for&lt;/span> the host machine: gfortran ld64 820.1
&lt;/span>&lt;/span>&lt;span class="line">&lt;span class="cl"> Program cython found: YES &lt;span class="o">(&lt;/span>/private/var/folders/ly/3d_s7td56qb7rn4qc2c6tmvm0000gn/T/pip-build-env-gddbg9u0/overlay/bin/cython&lt;span class="o">)&lt;/span>
&lt;/span>&lt;/span>&lt;span class="line">&lt;span class="cl"> Program pythran found: YES &lt;span class="o">(&lt;/span>/private/var/folders/ly/3d_s7td56qb7rn4qc2c6tmvm0000gn/T/pip-build-env-gddbg9u0/overlay/bin/pythran&lt;span class="o">)&lt;/span>
&lt;/span>&lt;/span>&lt;span class="line">&lt;span class="cl"> Program cp found: YES &lt;span class="o">(&lt;/span>/bin/cp&lt;span class="o">)&lt;/span>
&lt;/span>&lt;/span>&lt;span class="line">&lt;span class="cl"> Program python found: YES &lt;span class="o">(&lt;/span>/Users/&amp;lt;username&amp;gt;/.pyenv/versions/3.11.2/bin/python3.11&lt;span class="o">)&lt;/span>
&lt;/span>&lt;/span>&lt;span class="line">&lt;span class="cl"> Found pkg-config: /usr/local/bin/pkg-config &lt;span class="o">(&lt;/span>0.29.2&lt;span class="o">)&lt;/span>
&lt;/span>&lt;/span>&lt;span class="line">&lt;span class="cl"> Library npymath found: YES
&lt;/span>&lt;/span>&lt;span class="line">&lt;span class="cl"> Library npyrandom found: YES
&lt;/span>&lt;/span>&lt;span class="line">&lt;span class="cl"> Found CMake: /usr/local/bin/cmake &lt;span class="o">(&lt;/span>3.26.0&lt;span class="o">)&lt;/span>
&lt;/span>&lt;/span>&lt;span class="line">&lt;span class="cl"> Run-time dependency openblas found: NO &lt;span class="o">(&lt;/span>tried pkgconfig, framework and cmake&lt;span class="o">)&lt;/span>
&lt;/span>&lt;/span>&lt;span class="line">&lt;span class="cl"> Run-time dependency openblas found: NO &lt;span class="o">(&lt;/span>tried pkgconfig, framework and cmake&lt;span class="o">)&lt;/span>
&lt;/span>&lt;/span>&lt;span class="line">&lt;span class="cl">
&lt;/span>&lt;/span>&lt;span class="line">&lt;span class="cl"> ../../scipy/meson.build:130:0: ERROR: Dependency &lt;span class="s2">&amp;#34;OpenBLAS&amp;#34;&lt;/span> not found, tried pkgconfig, framework and cmake
&lt;/span>&lt;/span>&lt;/code>&lt;/pre>&lt;/div>&lt;p>I tried to install &lt;code>openblas&lt;/code> using homebrew, but it was already installed:&lt;/p></description></item><item><title>Resolving Errors when Creating Your First MineRL Agent</title><link>http://jmodeler.github.io/posts/resolving-errors-when-creating-your-first-minerl-agent/</link><pubDate>Thu, 23 Mar 2023 00:00:00 +0000</pubDate><guid>http://jmodeler.github.io/posts/resolving-errors-when-creating-your-first-minerl-agent/</guid><description>&lt;p>In this post, I lay out the steps to follow to resolve the errors you see when creating your &lt;a href="https://minerl.readthedocs.io/en/latest/tutorials/first_agent.html" class="external-link" target="_blank" rel="noopener">first MineRL agent&lt;/a> on a macOS. This is a continuation of &lt;a href="https://jmodeler.github.io/post/resolving-install-errors-with-minerl/" class="external-link" target="_blank" rel="noopener">this post&lt;/a>, which looks at resolving install errors on the &lt;code>minerl&lt;/code> package.&lt;/p>
&lt;p>I borrow heavily from &lt;a href="https://github.com/minerllabs/minerl/issues/659#issuecomment-1306635414" class="external-link" target="_blank" rel="noopener">this github issue comment&lt;/a>.&lt;/p>
&lt;ol>
&lt;li>
&lt;p>Clone the repository using the terminal command below&lt;/p>
&lt;div class="highlight">&lt;pre tabindex="0" class="chroma">&lt;code class="language-zsh" data-lang="zsh">&lt;span class="line">&lt;span class="cl"> git clone https://github.com/minerllabs/minerl.git
&lt;/span>&lt;/span>&lt;/code>&lt;/pre>&lt;/div>&lt;p>This will create a &lt;code>minerl&lt;/code> directory. Make sure that the path to the cloned repository does not have spaces in it (i.e. the path should &lt;strong>not&lt;/strong> be &lt;code>/Users/&amp;lt;username&amp;gt;/minerl folder/minerl&lt;/code> &amp;ndash; you will get &lt;code>file not found&lt;/code> errors in the next few steps otherwise)&lt;/p></description></item><item><title>Resolving Install Errors with MineRL</title><link>http://jmodeler.github.io/posts/resolving-install-errors-with-minerl/</link><pubDate>Wed, 22 Mar 2023 00:00:00 +0000</pubDate><guid>http://jmodeler.github.io/posts/resolving-install-errors-with-minerl/</guid><description>&lt;p>In this post, I&amp;rsquo;ll resolve an error that one might face when trying to install the &lt;code>minerl&lt;/code> Python package. The instructions to install this package can be &lt;a href="https://minerl.readthedocs.io/en/latest/tutorials/index.html" class="external-link" target="_blank" rel="noopener">found here&lt;/a>.&lt;/p>
&lt;ol>
&lt;li>Using the instructions above, when I used the install command (&lt;code>pip3 install git+https://github.com/minerllabs/minerl&lt;/code>), I got the following error (only the relevant part is shown here):&lt;/li>
&lt;/ol>
&lt;div class="highlight">&lt;pre tabindex="0" class="chroma">&lt;code class="language-zsh" data-lang="zsh">&lt;span class="line">&lt;span class="cl"> Note: Some input files use or override a deprecated API.
&lt;/span>&lt;/span>&lt;span class="line">&lt;span class="cl"> Note: Recompile with -Xlint:deprecation &lt;span class="k">for&lt;/span> details.
&lt;/span>&lt;/span>&lt;span class="line">&lt;span class="cl"> Note: Some input files use unchecked or unsafe operations.
&lt;/span>&lt;/span>&lt;span class="line">&lt;span class="cl"> Note: Recompile with -Xlint:unchecked &lt;span class="k">for&lt;/span> details.
&lt;/span>&lt;/span>&lt;span class="line">&lt;span class="cl"> &lt;span class="m">100&lt;/span> errors
&lt;/span>&lt;/span>&lt;span class="line">&lt;span class="cl"> only showing the first &lt;span class="m">100&lt;/span> errors, of &lt;span class="m">2866&lt;/span> total&lt;span class="p">;&lt;/span> use -Xmaxerrs &lt;span class="k">if&lt;/span> you would like to see more
&lt;/span>&lt;/span>&lt;span class="line">&lt;span class="cl">
&lt;/span>&lt;/span>&lt;span class="line">&lt;span class="cl"> &amp;gt; Task :compileJava FAILED
&lt;/span>&lt;/span>&lt;span class="line">&lt;span class="cl">
&lt;/span>&lt;/span>&lt;span class="line">&lt;span class="cl"> FAILURE: Build failed with an exception.
&lt;/span>&lt;/span>&lt;span class="line">&lt;span class="cl">
&lt;/span>&lt;/span>&lt;span class="line">&lt;span class="cl"> * What went wrong:
&lt;/span>&lt;/span>&lt;span class="line">&lt;span class="cl"> Execution failed &lt;span class="k">for&lt;/span> task &lt;span class="s1">&amp;#39;:compileJava&amp;#39;&lt;/span>.
&lt;/span>&lt;/span>&lt;span class="line">&lt;span class="cl"> &amp;gt; Compilation failed&lt;span class="p">;&lt;/span> see the compiler error output &lt;span class="k">for&lt;/span> details.
&lt;/span>&lt;/span>&lt;span class="line">&lt;span class="cl">
&lt;/span>&lt;/span>&lt;span class="line">&lt;span class="cl"> * Try:
&lt;/span>&lt;/span>&lt;span class="line">&lt;span class="cl"> Run with --stacktrace option to get the stack trace. Run with --info or --debug option to get more log output. Run with --scan to get full insights.
&lt;/span>&lt;/span>&lt;span class="line">&lt;span class="cl">
&lt;/span>&lt;/span>&lt;span class="line">&lt;span class="cl"> * Get more &lt;span class="nb">help&lt;/span> at https://help.gradle.org
&lt;/span>&lt;/span>&lt;span class="line">&lt;span class="cl">
&lt;/span>&lt;/span>&lt;span class="line">&lt;span class="cl"> Deprecated Gradle features were used in this build, making it incompatible with Gradle 7.0.
&lt;/span>&lt;/span>&lt;span class="line">&lt;span class="cl"> Use &lt;span class="s1">&amp;#39;--warning-mode all&amp;#39;&lt;/span> to show the individual deprecation warnings.
&lt;/span>&lt;/span>&lt;span class="line">&lt;span class="cl"> See https://docs.gradle.org/6.8.1/userguide/command_line_interface.html#sec:command_line_warnings
&lt;/span>&lt;/span>&lt;span class="line">&lt;span class="cl">
&lt;/span>&lt;/span>&lt;span class="line">&lt;span class="cl"> BUILD FAILED in 21s
&lt;/span>&lt;/span>&lt;span class="line">&lt;span class="cl"> &lt;span class="m">10&lt;/span> actionable tasks: &lt;span class="m">10&lt;/span> executed
&lt;/span>&lt;/span>&lt;span class="line">&lt;span class="cl"> Traceback &lt;span class="o">(&lt;/span>most recent call last&lt;span class="o">)&lt;/span>:
&lt;/span>&lt;/span>&lt;span class="line">&lt;span class="cl"> File &lt;span class="s2">&amp;#34;&amp;lt;string&amp;gt;&amp;#34;&lt;/span>, line 2, in &amp;lt;module&amp;gt;
&lt;/span>&lt;/span>&lt;span class="line">&lt;span class="cl"> File &lt;span class="s2">&amp;#34;&amp;lt;pip-setuptools-caller&amp;gt;&amp;#34;&lt;/span>, line 34, in &amp;lt;module&amp;gt;
&lt;/span>&lt;/span>&lt;span class="line">&lt;span class="cl"> File &lt;span class="s2">&amp;#34;/private/var/folders/ly/3d_s7td56qb7rn4qc2c6tmvm0000gn/T/pip-req-build-9xj7s1on/setup.py&amp;#34;&lt;/span>, line 214, in &amp;lt;module&amp;gt;
&lt;/span>&lt;/span>&lt;span class="line">&lt;span class="cl"> prep_mcp&lt;span class="o">()&lt;/span>
&lt;/span>&lt;/span>&lt;span class="line">&lt;span class="cl"> File &lt;span class="s2">&amp;#34;/private/var/folders/ly/3d_s7td56qb7rn4qc2c6tmvm0000gn/T/pip-req-build-9xj7s1on/setup.py&amp;#34;&lt;/span>, line 198, in prep_mcp
&lt;/span>&lt;/span>&lt;span class="line">&lt;span class="cl"> subprocess.check_call&lt;span class="o">(&lt;/span>&lt;span class="s1">&amp;#39;{} clean build shadowJar&amp;#39;&lt;/span>.format&lt;span class="o">(&lt;/span>gradlew&lt;span class="o">)&lt;/span>.split&lt;span class="o">(&lt;/span>&lt;span class="s1">&amp;#39; &amp;#39;&lt;/span>&lt;span class="o">)&lt;/span>, &lt;span class="nv">cwd&lt;/span>&lt;span class="o">=&lt;/span>workdir&lt;span class="o">)&lt;/span>
&lt;/span>&lt;/span>&lt;span class="line">&lt;span class="cl"> File &lt;span class="s2">&amp;#34;/Users/&amp;lt;username&amp;gt;/.pyenv/versions/3.11.2/lib/python3.11/subprocess.py&amp;#34;&lt;/span>, line 413, in check_call
&lt;/span>&lt;/span>&lt;span class="line">&lt;span class="cl"> raise CalledProcessError&lt;span class="o">(&lt;/span>retcode, cmd&lt;span class="o">)&lt;/span>
&lt;/span>&lt;/span>&lt;span class="line">&lt;span class="cl"> subprocess.CalledProcessError: Command &lt;span class="s1">&amp;#39;[&amp;#39;&lt;/span>./gradlew&lt;span class="s1">&amp;#39;, &amp;#39;&lt;/span>clean&lt;span class="s1">&amp;#39;, &amp;#39;&lt;/span>build&lt;span class="s1">&amp;#39;, &amp;#39;&lt;/span>shadowJar&lt;span class="s1">&amp;#39;]&amp;#39;&lt;/span> returned non-zero &lt;span class="nb">exit&lt;/span> status 1.
&lt;/span>&lt;/span>&lt;span class="line">&lt;span class="cl"> &lt;span class="o">[&lt;/span>end of output&lt;span class="o">]&lt;/span>
&lt;/span>&lt;/span>&lt;span class="line">&lt;span class="cl">
&lt;/span>&lt;/span>&lt;span class="line">&lt;span class="cl"> note: This error originates from a subprocess, and is likely not a problem with pip.
&lt;/span>&lt;/span>&lt;span class="line">&lt;span class="cl">error: metadata-generation-failed
&lt;/span>&lt;/span>&lt;/code>&lt;/pre>&lt;/div>&lt;ol start="2">
&lt;li>
&lt;p>Searching for the error message (&lt;code>error: metadata-generation-failed&lt;/code>) took me to a bunch of websites that provided other options to try:&lt;/p></description></item><item><title>Setting up Python to Run on Rmarkdown</title><link>http://jmodeler.github.io/posts/setting-up-python-to-run-on-rmarkdown/</link><pubDate>Tue, 21 Mar 2023 00:00:00 +0000</pubDate><guid>http://jmodeler.github.io/posts/setting-up-python-to-run-on-rmarkdown/</guid><description>&lt;p>I use the &lt;a href="https://themes.gohugo.io/themes/hugo-coder/" class="external-link" target="_blank" rel="noopener">Hugo Coder template&lt;/a> along with Rstudio’s &lt;a href="https://github.com/rstudio/blogdown" class="external-link" target="_blank" rel="noopener">Blogdown&lt;/a> package to generate and deploy this website to &lt;a href="https://pages.github.com/" class="external-link" target="_blank" rel="noopener">github pages&lt;/a>. I use this setup to generate blog posts (via &lt;a href="https://rmarkdown.rstudio.com/" class="external-link" target="_blank" rel="noopener">Rmarkdown&lt;/a>) that render &lt;code>\(\LaTeX\)&lt;/code> math and output from R code.&lt;/p>
&lt;p>Sometimes, I’d like to run Python code inside Rmarkdown too, and this is &lt;a href="https://bookdown.org/yihui/rmarkdown-cookbook/eng-python.html" class="external-link" target="_blank" rel="noopener">supported&lt;/a>, via the &lt;a href="https://cran.r-project.org/web/packages/reticulate/index.html" class="external-link" target="_blank" rel="noopener">reticulate&lt;/a> package. That said, the following steps need to be followed to make sure everything runs smoothly (all of these steps worked on a macOS Ventura operating system)&lt;/p></description></item></channel></rss>