<!doctype html><html lang=en><head><title>Resolving Install Errors with MineRL · The Journeyman Modeler
</title><meta charset=utf-8><meta name=viewport content="width=device-width,initial-scale=1"><meta name=color-scheme content="light dark"><meta name=author content="Journeyman Modeler"><meta name=description content="In this post, I&rsquo;ll resolve an error that one might face when trying to install the minerl Python package. The instructions to install this package can be found here.

Using the instructions above, when I used the install command (pip3 install git+https://github.com/minerllabs/minerl), I got the following error (only the relevant part is shown here):

          Note: Some input files use or override a deprecated API.
      Note: Recompile with -Xlint:deprecation for details.
      Note: Some input files use unchecked or unsafe operations.
      Note: Recompile with -Xlint:unchecked for details.
      100 errors
      only showing the first 100 errors, of 2866 total; use -Xmaxerrs if you would like to see more

      > Task :compileJava FAILED

      FAILURE: Build failed with an exception.

      * What went wrong:
      Execution failed for task ':compileJava'.
      > Compilation failed; see the compiler error output for details.

      * Try:
      Run with --stacktrace option to get the stack trace. Run with --info or --debug option to get more log output. Run with --scan to get full insights.

      * Get more help at https://help.gradle.org

      Deprecated Gradle features were used in this build, making it incompatible with Gradle 7.0.
      Use '--warning-mode all' to show the individual deprecation warnings.
      See https://docs.gradle.org/6.8.1/userguide/command_line_interface.html#sec:command_line_warnings

      BUILD FAILED in 21s
      10 actionable tasks: 10 executed
      Traceback (most recent call last):
        File &#34;<string>&#34;, line 2, in <module>
        File &#34;<pip-setuptools-caller>&#34;, line 34, in <module>
        File &#34;/private/var/folders/ly/3d_s7td56qb7rn4qc2c6tmvm0000gn/T/pip-req-build-9xj7s1on/setup.py&#34;, line 214, in <module>
          prep_mcp()
        File &#34;/private/var/folders/ly/3d_s7td56qb7rn4qc2c6tmvm0000gn/T/pip-req-build-9xj7s1on/setup.py&#34;, line 198, in prep_mcp
          subprocess.check_call('{} clean build shadowJar'.format(gradlew).split(' '), cwd=workdir)
        File &#34;/Users/<username>/.pyenv/versions/3.11.2/lib/python3.11/subprocess.py&#34;, line 413, in check_call
          raise CalledProcessError(retcode, cmd)
      subprocess.CalledProcessError: Command '['./gradlew', 'clean', 'build', 'shadowJar']' returned non-zero exit status 1.
      [end of output]

  note: This error originates from a subprocess, and is likely not a problem with pip.
error: metadata-generation-failed


Searching for the error message (error: metadata-generation-failed) took me to a bunch of websites that provided other options to try:"><meta name=keywords content="blog,developer,personal"><meta name=twitter:card content="summary"><meta name=twitter:title content="Resolving Install Errors with MineRL"><meta name=twitter:description content="In this post, I’ll resolve an error that one might face when trying to install the minerl Python package. The instructions to install this package can be found here.
Using the instructions above, when I used the install command (pip3 install git+https://github.com/minerllabs/minerl), I got the following error (only the relevant part is shown here): Note: Some input files use or override a deprecated API. Note: Recompile with -Xlint:deprecation for details. Note: Some input files use unchecked or unsafe operations. Note: Recompile with -Xlint:unchecked for details. 100 errors only showing the first 100 errors, of 2866 total; use -Xmaxerrs if you would like to see more > Task :compileJava FAILED FAILURE: Build failed with an exception. * What went wrong: Execution failed for task ':compileJava'. > Compilation failed; see the compiler error output for details. * Try: Run with --stacktrace option to get the stack trace. Run with --info or --debug option to get more log output. Run with --scan to get full insights. * Get more help at https://help.gradle.org Deprecated Gradle features were used in this build, making it incompatible with Gradle 7.0. Use '--warning-mode all' to show the individual deprecation warnings. See https://docs.gradle.org/6.8.1/userguide/command_line_interface.html#sec:command_line_warnings BUILD FAILED in 21s 10 actionable tasks: 10 executed Traceback (most recent call last): File &#34;<string>&#34;, line 2, in <module> File &#34;<pip-setuptools-caller>&#34;, line 34, in <module> File &#34;/private/var/folders/ly/3d_s7td56qb7rn4qc2c6tmvm0000gn/T/pip-req-build-9xj7s1on/setup.py&#34;, line 214, in <module> prep_mcp() File &#34;/private/var/folders/ly/3d_s7td56qb7rn4qc2c6tmvm0000gn/T/pip-req-build-9xj7s1on/setup.py&#34;, line 198, in prep_mcp subprocess.check_call('{} clean build shadowJar'.format(gradlew).split(' '), cwd=workdir) File &#34;/Users/<username>/.pyenv/versions/3.11.2/lib/python3.11/subprocess.py&#34;, line 413, in check_call raise CalledProcessError(retcode, cmd) subprocess.CalledProcessError: Command '['./gradlew', 'clean', 'build', 'shadowJar']' returned non-zero exit status 1. [end of output] note: This error originates from a subprocess, and is likely not a problem with pip. error: metadata-generation-failed Searching for the error message (error: metadata-generation-failed) took me to a bunch of websites that provided other options to try:"><meta property="og:url" content="http://jmodeler.github.io/posts/resolving-install-errors-with-minerl/"><meta property="og:site_name" content="The Journeyman Modeler"><meta property="og:title" content="Resolving Install Errors with MineRL"><meta property="og:description" content="In this post, I’ll resolve an error that one might face when trying to install the minerl Python package. The instructions to install this package can be found here.
Using the instructions above, when I used the install command (pip3 install git+https://github.com/minerllabs/minerl), I got the following error (only the relevant part is shown here): Note: Some input files use or override a deprecated API. Note: Recompile with -Xlint:deprecation for details. Note: Some input files use unchecked or unsafe operations. Note: Recompile with -Xlint:unchecked for details. 100 errors only showing the first 100 errors, of 2866 total; use -Xmaxerrs if you would like to see more > Task :compileJava FAILED FAILURE: Build failed with an exception. * What went wrong: Execution failed for task ':compileJava'. > Compilation failed; see the compiler error output for details. * Try: Run with --stacktrace option to get the stack trace. Run with --info or --debug option to get more log output. Run with --scan to get full insights. * Get more help at https://help.gradle.org Deprecated Gradle features were used in this build, making it incompatible with Gradle 7.0. Use '--warning-mode all' to show the individual deprecation warnings. See https://docs.gradle.org/6.8.1/userguide/command_line_interface.html#sec:command_line_warnings BUILD FAILED in 21s 10 actionable tasks: 10 executed Traceback (most recent call last): File &#34;<string>&#34;, line 2, in <module> File &#34;<pip-setuptools-caller>&#34;, line 34, in <module> File &#34;/private/var/folders/ly/3d_s7td56qb7rn4qc2c6tmvm0000gn/T/pip-req-build-9xj7s1on/setup.py&#34;, line 214, in <module> prep_mcp() File &#34;/private/var/folders/ly/3d_s7td56qb7rn4qc2c6tmvm0000gn/T/pip-req-build-9xj7s1on/setup.py&#34;, line 198, in prep_mcp subprocess.check_call('{} clean build shadowJar'.format(gradlew).split(' '), cwd=workdir) File &#34;/Users/<username>/.pyenv/versions/3.11.2/lib/python3.11/subprocess.py&#34;, line 413, in check_call raise CalledProcessError(retcode, cmd) subprocess.CalledProcessError: Command '['./gradlew', 'clean', 'build', 'shadowJar']' returned non-zero exit status 1. [end of output] note: This error originates from a subprocess, and is likely not a problem with pip. error: metadata-generation-failed Searching for the error message (error: metadata-generation-failed) took me to a bunch of websites that provided other options to try:"><meta property="og:locale" content="en"><meta property="og:type" content="article"><meta property="article:section" content="posts"><meta property="article:published_time" content="2023-03-22T00:00:00+00:00"><meta property="article:modified_time" content="2023-03-22T12:08:40-04:00"><meta property="article:tag" content="Python"><meta property="article:tag" content="Setup"><meta property="article:tag" content="MineRL"><link rel=canonical href=http://jmodeler.github.io/posts/resolving-install-errors-with-minerl/><link rel=preload href=/fonts/fa-brands-400.woff2 as=font type=font/woff2 crossorigin><link rel=preload href=/fonts/fa-regular-400.woff2 as=font type=font/woff2 crossorigin><link rel=preload href=/fonts/fa-solid-900.woff2 as=font type=font/woff2 crossorigin><link rel=stylesheet href=/css/coder.min.38c4552ac40f9ae3408bad40358f654ebd8804412fe74ed56f2d6c8a7af82dd3.css integrity="sha256-OMRVKsQPmuNAi61ANY9lTr2IBEEv507Vby1sinr4LdM=" crossorigin=anonymous media=screen><link rel=stylesheet href=/css/coder-dark.min.a00e6364bacbc8266ad1cc81230774a1397198f8cfb7bcba29b7d6fcb54ce57f.css integrity="sha256-oA5jZLrLyCZq0cyBIwd0oTlxmPjPt7y6KbfW/LVM5X8=" crossorigin=anonymous media=screen><link rel=icon type=image/svg+xml href=/images/favicon.svg sizes=any><link rel=icon type=image/png href=/images/favicon-32x32.png sizes=32x32><link rel=icon type=image/png href=/images/favicon-16x16.png sizes=16x16><link rel=apple-touch-icon href=/images/apple-touch-icon.png><link rel=apple-touch-icon sizes=180x180 href=/images/apple-touch-icon.png><link rel=manifest href=/site.webmanifest><link rel=mask-icon href=/images/safari-pinned-tab.svg color=#5bbad5></head><body class="preload-transitions colorscheme-auto"><div class=float-container><a id=dark-mode-toggle class=colorscheme-toggle><i class="fa-solid fa-adjust fa-fw" aria-hidden=true></i></a></div><main class=wrapper><nav class=navigation><section class=container><a class=navigation-title href=http://jmodeler.github.io/>The Journeyman Modeler
</a><input type=checkbox id=menu-toggle>
<label class="menu-button float-right" for=menu-toggle><i class="fa-solid fa-bars fa-fw" aria-hidden=true></i></label><ul class=navigation-list><li class=navigation-item><a class=navigation-link href=/about/>About</a></li><li class=navigation-item><a class=navigation-link href=/posts/>Blog</a></li></ul></section><script>MathJax={tex:{inlineMath:[["$","$"],["\\(","\\)"]],displayMath:[["$$","$$"],["\\[","\\]"]],processEscapes:!0,processEnvironments:!0},options:{skipHtmlTags:["script","noscript","style","textarea","pre"]}},window.addEventListener("load",e=>{document.querySelectorAll("mjx-container").forEach(function(e){e.parentElement.classList+="has-jax"})})</script><script src="https://polyfill.io/v3/polyfill.min.js?features=es6"></script><script type=text/javascript id=MathJax-script async src=https://cdn.jsdelivr.net/npm/mathjax@3/es5/tex-mml-chtml.js></script></nav><div class=content><section class="container post"><article><header><div class=post-title><h1 class=title><a class=title-link href=http://jmodeler.github.io/posts/resolving-install-errors-with-minerl/>Resolving Install Errors with MineRL</a></h1></div><div class=post-meta><div class=date><span class=posted-on><i class="fa-solid fa-calendar" aria-hidden=true></i>
<time datetime=2023-03-22T00:00:00Z>March 22, 2023
</time></span><span class=reading-time><i class="fa-solid fa-clock" aria-hidden=true></i>
4-minute read</span></div><div class=categories><i class="fa-solid fa-folder" aria-hidden=true></i>
<a href=/categories/reference/>Reference</a>
<span class=separator>•</span>
<a href=/categories/reinforcement-learning/>Reinforcement Learning</a></div><div class=tags><i class="fa-solid fa-tag" aria-hidden=true></i>
<span class=tag><a href=/tags/python/>Python</a>
</span><span class=separator>•</span>
<span class=tag><a href=/tags/setup/>Setup</a>
</span><span class=separator>•</span>
<span class=tag><a href=/tags/minerl/>MineRL</a></span></div></div></header><div class=post-content><p>In this post, I&rsquo;ll resolve an error that one might face when trying to install the <code>minerl</code> Python package. The instructions to install this package can be <a href=https://minerl.readthedocs.io/en/latest/tutorials/index.html class=external-link target=_blank rel=noopener>found here</a>.</p><ol><li>Using the instructions above, when I used the install command (<code>pip3 install git+https://github.com/minerllabs/minerl</code>), I got the following error (only the relevant part is shown here):</li></ol><div class=highlight><pre tabindex=0 class=chroma><code class=language-zsh data-lang=zsh><span class=line><span class=cl>          Note: Some input files use or override a deprecated API.
</span></span><span class=line><span class=cl>      Note: Recompile with -Xlint:deprecation <span class=k>for</span> details.
</span></span><span class=line><span class=cl>      Note: Some input files use unchecked or unsafe operations.
</span></span><span class=line><span class=cl>      Note: Recompile with -Xlint:unchecked <span class=k>for</span> details.
</span></span><span class=line><span class=cl>      <span class=m>100</span> errors
</span></span><span class=line><span class=cl>      only showing the first <span class=m>100</span> errors, of <span class=m>2866</span> total<span class=p>;</span> use -Xmaxerrs <span class=k>if</span> you would like to see more
</span></span><span class=line><span class=cl>
</span></span><span class=line><span class=cl>      &gt; Task :compileJava FAILED
</span></span><span class=line><span class=cl>
</span></span><span class=line><span class=cl>      FAILURE: Build failed with an exception.
</span></span><span class=line><span class=cl>
</span></span><span class=line><span class=cl>      * What went wrong:
</span></span><span class=line><span class=cl>      Execution failed <span class=k>for</span> task <span class=s1>&#39;:compileJava&#39;</span>.
</span></span><span class=line><span class=cl>      &gt; Compilation failed<span class=p>;</span> see the compiler error output <span class=k>for</span> details.
</span></span><span class=line><span class=cl>
</span></span><span class=line><span class=cl>      * Try:
</span></span><span class=line><span class=cl>      Run with --stacktrace option to get the stack trace. Run with --info or --debug option to get more log output. Run with --scan to get full insights.
</span></span><span class=line><span class=cl>
</span></span><span class=line><span class=cl>      * Get more <span class=nb>help</span> at https://help.gradle.org
</span></span><span class=line><span class=cl>
</span></span><span class=line><span class=cl>      Deprecated Gradle features were used in this build, making it incompatible with Gradle 7.0.
</span></span><span class=line><span class=cl>      Use <span class=s1>&#39;--warning-mode all&#39;</span> to show the individual deprecation warnings.
</span></span><span class=line><span class=cl>      See https://docs.gradle.org/6.8.1/userguide/command_line_interface.html#sec:command_line_warnings
</span></span><span class=line><span class=cl>
</span></span><span class=line><span class=cl>      BUILD FAILED in 21s
</span></span><span class=line><span class=cl>      <span class=m>10</span> actionable tasks: <span class=m>10</span> executed
</span></span><span class=line><span class=cl>      Traceback <span class=o>(</span>most recent call last<span class=o>)</span>:
</span></span><span class=line><span class=cl>        File <span class=s2>&#34;&lt;string&gt;&#34;</span>, line 2, in &lt;module&gt;
</span></span><span class=line><span class=cl>        File <span class=s2>&#34;&lt;pip-setuptools-caller&gt;&#34;</span>, line 34, in &lt;module&gt;
</span></span><span class=line><span class=cl>        File <span class=s2>&#34;/private/var/folders/ly/3d_s7td56qb7rn4qc2c6tmvm0000gn/T/pip-req-build-9xj7s1on/setup.py&#34;</span>, line 214, in &lt;module&gt;
</span></span><span class=line><span class=cl>          prep_mcp<span class=o>()</span>
</span></span><span class=line><span class=cl>        File <span class=s2>&#34;/private/var/folders/ly/3d_s7td56qb7rn4qc2c6tmvm0000gn/T/pip-req-build-9xj7s1on/setup.py&#34;</span>, line 198, in prep_mcp
</span></span><span class=line><span class=cl>          subprocess.check_call<span class=o>(</span><span class=s1>&#39;{} clean build shadowJar&#39;</span>.format<span class=o>(</span>gradlew<span class=o>)</span>.split<span class=o>(</span><span class=s1>&#39; &#39;</span><span class=o>)</span>, <span class=nv>cwd</span><span class=o>=</span>workdir<span class=o>)</span>
</span></span><span class=line><span class=cl>        File <span class=s2>&#34;/Users/&lt;username&gt;/.pyenv/versions/3.11.2/lib/python3.11/subprocess.py&#34;</span>, line 413, in check_call
</span></span><span class=line><span class=cl>          raise CalledProcessError<span class=o>(</span>retcode, cmd<span class=o>)</span>
</span></span><span class=line><span class=cl>      subprocess.CalledProcessError: Command <span class=s1>&#39;[&#39;</span>./gradlew<span class=s1>&#39;, &#39;</span>clean<span class=s1>&#39;, &#39;</span>build<span class=s1>&#39;, &#39;</span>shadowJar<span class=s1>&#39;]&#39;</span> returned non-zero <span class=nb>exit</span> status 1.
</span></span><span class=line><span class=cl>      <span class=o>[</span>end of output<span class=o>]</span>
</span></span><span class=line><span class=cl>
</span></span><span class=line><span class=cl>  note: This error originates from a subprocess, and is likely not a problem with pip.
</span></span><span class=line><span class=cl>error: metadata-generation-failed
</span></span></code></pre></div><ol start=2><li><p>Searching for the error message (<code>error: metadata-generation-failed</code>) took me to a bunch of websites that provided other options to try:</p><ul><li>From the <a href=https://minerl.readthedocs.io/en/latest/tutorials/index.html class=external-link target=_blank rel=noopener>install page</a>, I tried providing the <code>--user</code> option in the install command, that did not work, and I got the same error. This was the command I used: <code>pip3 install git+https://github.com/minerllabs/minerl --user</code></li><li>From <a href=https://stackoverflow.com/questions/74188013/python-pygame-not-installing class=external-link target=_blank rel=noopener>this stackoverflow page</a>, I used the <code>--pre</code> option in the install command, that didn&rsquo;t work either. This was the command I used: <code>pip3 install git+https://github.com/minerllabs/minerl --pre</code></li><li>From <a href=https://bobbyhadz.com/blog/python-error-metadata-generation-failed-encountered-error class=external-link target=_blank rel=noopener>this page</a>, I learnt about using the <code>--use-deprecated</code> option, but that did not work too. This was the command I used: <code>pip3 install git+https://github.com/minerllabs/minerl --use-deprecated=legacy-resolver</code></li></ul></li><li><p>Going back to the <code>minerl</code> <a href=https://minerl.readthedocs.io/en/latest/tutorials/index.html class=external-link target=_blank rel=noopener>install page</a>, I checked the Java version, hoping that this was the issue:</p></li></ol><div class=highlight><pre tabindex=0 class=chroma><code class=language-zsh data-lang=zsh><span class=line><span class=cl>      $ java -version
</span></span><span class=line><span class=cl>      openjdk version <span class=s2>&#34;14.0.2&#34;</span> 2020-07-14
</span></span><span class=line><span class=cl>      OpenJDK Runtime Environment <span class=o>(</span>build 14.0.2+12-46<span class=o>)</span>
</span></span><span class=line><span class=cl>      OpenJDK 64-Bit Server VM <span class=o>(</span>build 14.0.2+12-46, mixed mode, sharing<span class=o>)</span>
</span></span></code></pre></div><ol start=4><li>My system was using the wrong version of Java (it should be using <code>1.8._</code>)! I used the <a href=https://gist.github.com/schnell18/bcb9833f725be22f6acd01f94b486392 class=external-link target=_blank rel=noopener>instructions here</a>, to remove the other version of Java. These were the exact commands I used:</li></ol><div class=highlight><pre tabindex=0 class=chroma><code class=language-zsh data-lang=zsh><span class=line><span class=cl>      $ sudo rm -fr /Library/Java/JavaVirtualMachines/openjdk-14.0.2.jdk/
</span></span><span class=line><span class=cl>      $ sudo rm -fr /Library/Internet<span class=se>\ </span>Plug-Ins/JavaAppletPlugin.plugin
</span></span><span class=line><span class=cl>      $ sudo rm -fr /Library/PreferencePanes/JavaControlPanel.prefPane
</span></span></code></pre></div><ol start=5><li>If you encounter this error on a macOS, and the Java version is the cause, check your Java version using the <code>java -version</code> command on terminal, and navigate to the <code>/Library/Java/JavaVirtualMachines/</code> folder to find the other versions of Java on your machine. Then use the <code>sudo</code> commands above to delete the appropriate folders. After deleting the other Java folder on my machine, typing <code>java -version</code> in my terminal gave me the following result:</li></ol><div class=highlight><pre tabindex=0 class=chroma><code class=language-zsh data-lang=zsh><span class=line><span class=cl>      $ java -version
</span></span><span class=line><span class=cl>      openjdk version <span class=s2>&#34;1.8.0_292&#34;</span>
</span></span><span class=line><span class=cl>      OpenJDK Runtime Environment <span class=o>(</span>AdoptOpenJDK<span class=o>)(</span>build 1.8.0_292-b10<span class=o>)</span>
</span></span><span class=line><span class=cl>      OpenJDK 64-Bit Server VM <span class=o>(</span>AdoptOpenJDK<span class=o>)(</span>build 25.292-b10, mixed mode<span class=o>)</span>
</span></span></code></pre></div><ol start=6><li>After doing this, the install command (<code>pip3 install git+https://github.com/minerllabs/minerl</code>), worked fine on the terminal. I did see some error messages (around installation of the Python package <code>gym</code>), but it didn&rsquo;t appear to affect the installation:</li></ol><div class=highlight><pre tabindex=0 class=chroma><code class=language-zsh data-lang=zsh><span class=line><span class=cl>    Failed to build gym
</span></span><span class=line><span class=cl>    Installing collected packages: PyWavelets, Pyro4, opencv-python, matplotlib-inline, lxml, 
</span></span><span class=line><span class=cl>    jinja2, jedi, inflection, idna, humanfriendly, flaky, dill, decorator, cloudpickle, charset-normalizer, 
</span></span><span class=line><span class=cl>    certifi, asttokens, stack-data, requests, imagehash, gym, coloredlogs, ipython, minerl
</span></span><span class=line><span class=cl>      Running setup.py install <span class=k>for</span> gym ... <span class=k>done</span>
</span></span><span class=line><span class=cl>      DEPRECATION: gym was installed using the legacy <span class=s1>&#39;setup.py install&#39;</span>
</span></span><span class=line><span class=cl>      method, because a wheel could not be built <span class=k>for</span> it. pip 23.1 will enforce this behaviour change. 
</span></span><span class=line><span class=cl>      A possible replacement is to fix the wheel build issue reported above.
</span></span><span class=line><span class=cl>      Discussion can be found at https://github.com/pypa/pip/issues/8368
</span></span></code></pre></div><ol start=7><li>Create your <a href=https://minerl.readthedocs.io/en/latest/tutorials/first_agent.html class=external-link target=_blank rel=noopener>first agent</a> and check if everything is working properly. If the example linked does not work, refer to <a href=https://jmodeler.github.io/posts/resolving-errors-when-creating-your-first-minerl-agent/ class=external-link target=_blank rel=noopener>this post</a>, or <a href=https://github.com/minerllabs/minerl/issues/659#issuecomment-1306635414 class=external-link target=_blank rel=noopener>this github issue comment</a>.</li></ol></div><footer></footer></article><link rel=stylesheet href=https://cdn.jsdelivr.net/npm/katex@0.16.4/dist/katex.min.css integrity=sha384-vKruj+a13U8yHIkAyGgK1J3ArTLzrFGBbBc0tDp4ad/EyewESeXE/Iv67Aj8gKZ0 crossorigin=anonymous><script defer src=https://cdn.jsdelivr.net/npm/katex@0.16.4/dist/katex.min.js integrity=sha384-PwRUT/YqbnEjkZO0zZxNqcxACrXe+j766U2amXcgMg5457rve2Y7I6ZJSm2A0mS4 crossorigin=anonymous></script><script defer src=https://cdn.jsdelivr.net/npm/katex@0.16.4/dist/contrib/auto-render.min.js integrity=sha384-+VBxd3r6XgURycqtZ117nYw44OOcIax56Z4dCRWbxyPt0Koah1uHoK0o4+/RRE05 crossorigin=anonymous onload='renderMathInElement(document.body,{delimiters:[{left:"$$",right:"$$",display:!0},{left:"$",right:"$",display:!1},{left:"\\(",right:"\\)",display:!1},{left:"\\[",right:"\\]",display:!0}]})'></script></section></div><footer class=footer><section class=container>©
2023 -
2025
Journeyman Modeler
·
Powered by <a href=https://gohugo.io/ target=_blank rel=noopener>Hugo</a> & <a href=https://github.com/luizdepra/hugo-coder/ target=_blank rel=noopener>Coder</a>.</section></footer></main><script src=/js/coder.min.6ae284be93d2d19dad1f02b0039508d9aab3180a12a06dcc71b0b0ef7825a317.js integrity="sha256-auKEvpPS0Z2tHwKwA5UI2aqzGAoSoG3McbCw73gloxc="></script></body></html>